--- adb starting (pid 3093) ---
adb I  3093  3093 main.cpp:78] Android Debug Bridge version 1.0.36
adb I  3093  3093 main.cpp:78] Revision af05c7354fe1-android
adb I  3093  3093 main.cpp:78] 
--- adb starting (pid 3716) ---
adb I  3716  3716 main.cpp:78] Android Debug Bridge version 1.0.36
adb I  3716  3716 main.cpp:78] Revision af05c7354fe1-android
adb I  3716  3716 main.cpp:78] 
--- adb starting (pid 14077) ---
adb I 14077 14077 main.cpp:78] Android Debug Bridge version 1.0.36
adb I 14077 14077 main.cpp:78] Revision af05c7354fe1-android
adb I 14077 14077 main.cpp:78] 
--- adb starting (pid 23955) ---
adb I 23955 23955 main.cpp:78] Android Debug Bridge version 1.0.36
adb I 23955 23955 main.cpp:78] Revision af05c7354fe1-android
adb I 23955 23955 main.cpp:78] 
--- adb starting (pid 13096) ---
adb I 13096 13096 main.cpp:78] Android Debug Bridge version 1.0.36
adb I 13096 13096 main.cpp:78] Revision af05c7354fe1-android
adb I 13096 13096 main.cpp:78] 
--- adb starting (pid 11987) ---
adb I 11987 11987 main.cpp:78] Android Debug Bridge version 1.0.36
adb I 11987 11987 main.cpp:78] Revision af05c7354fe1-android
adb I 11987 11987 main.cpp:78] 
--- adb starting (pid 14320) ---
adb I 14320 14320 main.cpp:78] Android Debug Bridge version 1.0.36
adb I 14320 14320 main.cpp:78] Revision af05c7354fe1-android
adb I 14320 14320 main.cpp:78] 
--- adb starting (pid 3676) ---
adb I  3676  3676 main.cpp:78] Android Debug Bridge version 1.0.36
adb I  3676  3676 main.cpp:78] Revision af05c7354fe1-android
adb I  3676  3676 main.cpp:78] 
--- adb starting (pid 1521) ---
adb I  1521  1521 main.cpp:78] Android Debug Bridge version 1.0.36
adb I  1521  1521 main.cpp:78] Revision af05c7354fe1-android
adb I  1521  1521 main.cpp:78] 
